[15-Feb-2022 15:04:30 UTC] PHP Warning:  mysqli_connect(): php_network_getaddresses: getaddrinfo failed: Name or service not known in /var/www/html/zhangdetalk_blog_admin/index.php on line 3
[15-Feb-2022 15:04:30 UTC] PHP Stack trace:
[15-Feb-2022 15:04:30 UTC] PHP   1. {main}() /var/www/html/zhangdetalk_blog_admin/index.php:0
[15-Feb-2022 15:04:30 UTC] PHP   2. mysqli_connect() /var/www/html/zhangdetalk_blog_admin/index.php:3
[15-Feb-2022 15:04:30 UTC] PHP Warning:  mysqli_connect(): (HY000/2002): php_network_getaddresses: getaddrinfo failed: Name or service not known in /var/www/html/zhangdetalk_blog_admin/index.php on line 3
[15-Feb-2022 15:04:30 UTC] PHP Stack trace:
[15-Feb-2022 15:04:30 UTC] PHP   1. {main}() /var/www/html/zhangdetalk_blog_admin/index.php:0
[15-Feb-2022 15:04:30 UTC] PHP   2. mysqli_connect() /var/www/html/zhangdetalk_blog_admin/index.php:3
[15-Feb-2022 15:04:30 UTC] PHP Warning:  mysqli_connect(): php_network_getaddresses: getaddrinfo failed: Name or service not known in /var/www/html/zhangdetalk_blog_admin/index.php on line 3
[15-Feb-2022 15:04:30 UTC] PHP Stack trace:
[15-Feb-2022 15:04:30 UTC] PHP   1. {main}() /var/www/html/zhangdetalk_blog_admin/index.php:0
[15-Feb-2022 15:04:30 UTC] PHP   2. mysqli_connect() /var/www/html/zhangdetalk_blog_admin/index.php:3
[15-Feb-2022 15:04:30 UTC] PHP Warning:  mysqli_connect(): (HY000/2002): php_network_getaddresses: getaddrinfo failed: Name or service not known in /var/www/html/zhangdetalk_blog_admin/index.php on line 3
[15-Feb-2022 15:04:30 UTC] PHP Stack trace:
[15-Feb-2022 15:04:30 UTC] PHP   1. {main}() /var/www/html/zhangdetalk_blog_admin/index.php:0
[15-Feb-2022 15:04:30 UTC] PHP   2. mysqli_connect() /var/www/html/zhangdetalk_blog_admin/index.php:3
[15-Feb-2022 15:04:56 UTC] PHP Warning:  mysqli_connect(): php_network_getaddresses: getaddrinfo failed: Name or service not known in /var/www/html/zhangdetalk_blog_admin/index.php on line 3
[15-Feb-2022 15:04:56 UTC] PHP Stack trace:
[15-Feb-2022 15:04:56 UTC] PHP   1. {main}() /var/www/html/zhangdetalk_blog_admin/index.php:0
[15-Feb-2022 15:04:56 UTC] PHP   2. mysqli_connect() /var/www/html/zhangdetalk_blog_admin/index.php:3
[15-Feb-2022 15:04:56 UTC] PHP Warning:  mysqli_connect(): (HY000/2002): php_network_getaddresses: getaddrinfo failed: Name or service not known in /var/www/html/zhangdetalk_blog_admin/index.php on line 3
[15-Feb-2022 15:04:56 UTC] PHP Stack trace:
[15-Feb-2022 15:04:56 UTC] PHP   1. {main}() /var/www/html/zhangdetalk_blog_admin/index.php:0
[15-Feb-2022 15:04:56 UTC] PHP   2. mysqli_connect() /var/www/html/zhangdetalk_blog_admin/index.php:3
[15-Feb-2022 15:04:56 UTC] PHP Warning:  mysqli_connect(): php_network_getaddresses: getaddrinfo failed: Name or service not known in /var/www/html/zhangdetalk_blog_admin/index.php on line 3
[15-Feb-2022 15:04:56 UTC] PHP Stack trace:
[15-Feb-2022 15:04:56 UTC] PHP   1. {main}() /var/www/html/zhangdetalk_blog_admin/index.php:0
[15-Feb-2022 15:04:56 UTC] PHP   2. mysqli_connect() /var/www/html/zhangdetalk_blog_admin/index.php:3
[15-Feb-2022 15:04:56 UTC] PHP Warning:  mysqli_connect(): (HY000/2002): php_network_getaddresses: getaddrinfo failed: Name or service not known in /var/www/html/zhangdetalk_blog_admin/index.php on line 3
[15-Feb-2022 15:04:56 UTC] PHP Stack trace:
[15-Feb-2022 15:04:56 UTC] PHP   1. {main}() /var/www/html/zhangdetalk_blog_admin/index.php:0
[15-Feb-2022 15:04:56 UTC] PHP   2. mysqli_connect() /var/www/html/zhangdetalk_blog_admin/index.php:3
[15-Feb-2022 15:20:11 UTC] PHP Warning:  mysqli_connect(): php_network_getaddresses: getaddrinfo failed: Name or service not known in /var/www/html/glong/index.php on line 3
[15-Feb-2022 15:20:11 UTC] PHP Stack trace:
[15-Feb-2022 15:20:11 UTC] PHP   1. {main}() /var/www/html/glong/index.php:0
[15-Feb-2022 15:20:11 UTC] PHP   2. mysqli_connect() /var/www/html/glong/index.php:3
[15-Feb-2022 15:20:11 UTC] PHP Warning:  mysqli_connect(): (HY000/2002): php_network_getaddresses: getaddrinfo failed: Name or service not known in /var/www/html/glong/index.php on line 3
[15-Feb-2022 15:20:11 UTC] PHP Stack trace:
[15-Feb-2022 15:20:11 UTC] PHP   1. {main}() /var/www/html/glong/index.php:0
[15-Feb-2022 15:20:11 UTC] PHP   2. mysqli_connect() /var/www/html/glong/index.php:3
[15-Feb-2022 15:21:32 UTC] PHP Warning:  mysqli_connect(): php_network_getaddresses: getaddrinfo failed: Name or service not known in /var/www/html/glong/index.php on line 3
[15-Feb-2022 15:21:32 UTC] PHP Stack trace:
[15-Feb-2022 15:21:32 UTC] PHP   1. {main}() /var/www/html/glong/index.php:0
[15-Feb-2022 15:21:32 UTC] PHP   2. mysqli_connect() /var/www/html/glong/index.php:3
[15-Feb-2022 15:21:32 UTC] PHP Warning:  mysqli_connect(): (HY000/2002): php_network_getaddresses: getaddrinfo failed: Name or service not known in /var/www/html/glong/index.php on line 3
[15-Feb-2022 15:21:32 UTC] PHP Stack trace:
[15-Feb-2022 15:21:32 UTC] PHP   1. {main}() /var/www/html/glong/index.php:0
[15-Feb-2022 15:21:32 UTC] PHP   2. mysqli_connect() /var/www/html/glong/index.php:3
[15-Feb-2022 15:21:34 UTC] PHP Warning:  mysqli_connect(): php_network_getaddresses: getaddrinfo failed: Name or service not known in /var/www/html/glong/index.php on line 3
[15-Feb-2022 15:21:34 UTC] PHP Stack trace:
[15-Feb-2022 15:21:34 UTC] PHP   1. {main}() /var/www/html/glong/index.php:0
[15-Feb-2022 15:21:34 UTC] PHP   2. mysqli_connect() /var/www/html/glong/index.php:3
[15-Feb-2022 15:21:34 UTC] PHP Warning:  mysqli_connect(): (HY000/2002): php_network_getaddresses: getaddrinfo failed: Name or service not known in /var/www/html/glong/index.php on line 3
[15-Feb-2022 15:21:34 UTC] PHP Stack trace:
[15-Feb-2022 15:21:34 UTC] PHP   1. {main}() /var/www/html/glong/index.php:0
[15-Feb-2022 15:21:34 UTC] PHP   2. mysqli_connect() /var/www/html/glong/index.php:3
[15-Feb-2022 15:21:34 UTC] PHP Warning:  mysqli_connect(): php_network_getaddresses: getaddrinfo failed: Name or service not known in /var/www/html/glong/index.php on line 3
[15-Feb-2022 15:21:34 UTC] PHP Stack trace:
[15-Feb-2022 15:21:34 UTC] PHP   1. {main}() /var/www/html/glong/index.php:0
[15-Feb-2022 15:21:34 UTC] PHP   2. mysqli_connect() /var/www/html/glong/index.php:3
[15-Feb-2022 15:21:34 UTC] PHP Warning:  mysqli_connect(): (HY000/2002): php_network_getaddresses: getaddrinfo failed: Name or service not known in /var/www/html/glong/index.php on line 3
[15-Feb-2022 15:21:34 UTC] PHP Stack trace:
[15-Feb-2022 15:21:34 UTC] PHP   1. {main}() /var/www/html/glong/index.php:0
[15-Feb-2022 15:21:34 UTC] PHP   2. mysqli_connect() /var/www/html/glong/index.php:3
[15-Feb-2022 15:21:34 UTC] PHP Warning:  mysqli_connect(): php_network_getaddresses: getaddrinfo failed: Name or service not known in /var/www/html/glong/index.php on line 3
[15-Feb-2022 15:21:34 UTC] PHP Stack trace:
[15-Feb-2022 15:21:34 UTC] PHP   1. {main}() /var/www/html/glong/index.php:0
[15-Feb-2022 15:21:34 UTC] PHP   2. mysqli_connect() /var/www/html/glong/index.php:3
[15-Feb-2022 15:21:34 UTC] PHP Warning:  mysqli_connect(): (HY000/2002): php_network_getaddresses: getaddrinfo failed: Name or service not known in /var/www/html/glong/index.php on line 3
[15-Feb-2022 15:21:34 UTC] PHP Stack trace:
[15-Feb-2022 15:21:34 UTC] PHP   1. {main}() /var/www/html/glong/index.php:0
[15-Feb-2022 15:21:34 UTC] PHP   2. mysqli_connect() /var/www/html/glong/index.php:3
[15-Feb-2022 15:21:35 UTC] PHP Warning:  mysqli_connect(): php_network_getaddresses: getaddrinfo failed: Name or service not known in /var/www/html/glong/index.php on line 3
[15-Feb-2022 15:21:35 UTC] PHP Stack trace:
[15-Feb-2022 15:21:35 UTC] PHP   1. {main}() /var/www/html/glong/index.php:0
[15-Feb-2022 15:21:35 UTC] PHP   2. mysqli_connect() /var/www/html/glong/index.php:3
[15-Feb-2022 15:21:35 UTC] PHP Warning:  mysqli_connect(): (HY000/2002): php_network_getaddresses: getaddrinfo failed: Name or service not known in /var/www/html/glong/index.php on line 3
[15-Feb-2022 15:21:35 UTC] PHP Stack trace:
[15-Feb-2022 15:21:35 UTC] PHP   1. {main}() /var/www/html/glong/index.php:0
[15-Feb-2022 15:21:35 UTC] PHP   2. mysqli_connect() /var/www/html/glong/index.php:3
[15-Feb-2022 15:32:29 UTC] PHP Warning:  mysqli_connect(): The server requested authentication method unknown to the client [caching_sha2_password] in /var/www/html/glong/index.php on line 3
[15-Feb-2022 15:32:29 UTC] PHP Stack trace:
[15-Feb-2022 15:32:29 UTC] PHP   1. {main}() /var/www/html/glong/index.php:0
[15-Feb-2022 15:32:29 UTC] PHP   2. mysqli_connect() /var/www/html/glong/index.php:3
[15-Feb-2022 15:32:29 UTC] PHP Warning:  mysqli_connect(): (HY000/2054): The server requested authentication method unknown to the client in /var/www/html/glong/index.php on line 3
[15-Feb-2022 15:32:29 UTC] PHP Stack trace:
[15-Feb-2022 15:32:29 UTC] PHP   1. {main}() /var/www/html/glong/index.php:0
[15-Feb-2022 15:32:29 UTC] PHP   2. mysqli_connect() /var/www/html/glong/index.php:3
[15-Feb-2022 15:32:30 UTC] PHP Warning:  mysqli_connect(): The server requested authentication method unknown to the client [caching_sha2_password] in /var/www/html/glong/index.php on line 3
[15-Feb-2022 15:32:30 UTC] PHP Stack trace:
[15-Feb-2022 15:32:30 UTC] PHP   1. {main}() /var/www/html/glong/index.php:0
[15-Feb-2022 15:32:30 UTC] PHP   2. mysqli_connect() /var/www/html/glong/index.php:3
[15-Feb-2022 15:32:30 UTC] PHP Warning:  mysqli_connect(): (HY000/2054): The server requested authentication method unknown to the client in /var/www/html/glong/index.php on line 3
[15-Feb-2022 15:32:30 UTC] PHP Stack trace:
[15-Feb-2022 15:32:30 UTC] PHP   1. {main}() /var/www/html/glong/index.php:0
[15-Feb-2022 15:32:30 UTC] PHP   2. mysqli_connect() /var/www/html/glong/index.php:3
[15-Feb-2022 15:37:02 UTC] PHP Warning:  mysqli_connect(): (HY000/2002): Connection refused in /var/www/html/glong/index.php on line 3
[15-Feb-2022 15:37:02 UTC] PHP Stack trace:
[15-Feb-2022 15:37:02 UTC] PHP   1. {main}() /var/www/html/glong/index.php:0
[15-Feb-2022 15:37:02 UTC] PHP   2. mysqli_connect() /var/www/html/glong/index.php:3
[15-Feb-2022 15:37:05 UTC] PHP Warning:  mysqli_connect(): (HY000/2002): Connection refused in /var/www/html/glong/index.php on line 3
[15-Feb-2022 15:37:05 UTC] PHP Stack trace:
[15-Feb-2022 15:37:05 UTC] PHP   1. {main}() /var/www/html/glong/index.php:0
[15-Feb-2022 15:37:05 UTC] PHP   2. mysqli_connect() /var/www/html/glong/index.php:3
[15-Feb-2022 15:37:06 UTC] PHP Warning:  mysqli_connect(): (HY000/2002): Connection refused in /var/www/html/glong/index.php on line 3
[15-Feb-2022 15:37:06 UTC] PHP Stack trace:
[15-Feb-2022 15:37:06 UTC] PHP   1. {main}() /var/www/html/glong/index.php:0
[15-Feb-2022 15:37:06 UTC] PHP   2. mysqli_connect() /var/www/html/glong/index.php:3
[15-Feb-2022 15:37:08 UTC] PHP Warning:  mysqli_connect(): (HY000/2002): Connection refused in /var/www/html/glong/index.php on line 3
[15-Feb-2022 15:37:08 UTC] PHP Stack trace:
[15-Feb-2022 15:37:08 UTC] PHP   1. {main}() /var/www/html/glong/index.php:0
[15-Feb-2022 15:37:08 UTC] PHP   2. mysqli_connect() /var/www/html/glong/index.php:3
[15-Feb-2022 15:38:17 UTC] PHP Warning:  mysqli_connect(): (HY000/2002): Connection refused in /var/www/html/glong/index.php on line 3
[15-Feb-2022 15:38:17 UTC] PHP Stack trace:
[15-Feb-2022 15:38:17 UTC] PHP   1. {main}() /var/www/html/glong/index.php:0
[15-Feb-2022 15:38:17 UTC] PHP   2. mysqli_connect() /var/www/html/glong/index.php:3
[15-Feb-2022 15:57:33 UTC] PHP Warning:  mysqli_connect(): (HY000/2002): Connection refused in /var/www/html/glong/index.php on line 3
[15-Feb-2022 15:57:33 UTC] PHP Stack trace:
[15-Feb-2022 15:57:33 UTC] PHP   1. {main}() /var/www/html/glong/index.php:0
[15-Feb-2022 15:57:33 UTC] PHP   2. mysqli_connect() /var/www/html/glong/index.php:3
[15-Feb-2022 15:57:34 UTC] PHP Warning:  mysqli_connect(): (HY000/2002): Connection refused in /var/www/html/glong/index.php on line 3
[15-Feb-2022 15:57:34 UTC] PHP Stack trace:
[15-Feb-2022 15:57:34 UTC] PHP   1. {main}() /var/www/html/glong/index.php:0
[15-Feb-2022 15:57:34 UTC] PHP   2. mysqli_connect() /var/www/html/glong/index.php:3
[15-Feb-2022 15:57:34 UTC] PHP Warning:  mysqli_connect(): (HY000/2002): Connection refused in /var/www/html/glong/index.php on line 3
[15-Feb-2022 15:57:34 UTC] PHP Stack trace:
[15-Feb-2022 15:57:34 UTC] PHP   1. {main}() /var/www/html/glong/index.php:0
[15-Feb-2022 15:57:34 UTC] PHP   2. mysqli_connect() /var/www/html/glong/index.php:3
[15-Feb-2022 16:14:17 UTC] PHP Warning:  mysqli_connect(): (HY000/2002): Connection refused in /var/www/html/glong/index.php on line 3
[15-Feb-2022 16:14:17 UTC] PHP Stack trace:
[15-Feb-2022 16:14:17 UTC] PHP   1. {main}() /var/www/html/glong/index.php:0
[15-Feb-2022 16:14:17 UTC] PHP   2. mysqli_connect() /var/www/html/glong/index.php:3
[15-Feb-2022 16:14:18 UTC] PHP Warning:  mysqli_connect(): (HY000/2002): Connection refused in /var/www/html/glong/index.php on line 3
[15-Feb-2022 16:14:18 UTC] PHP Stack trace:
[15-Feb-2022 16:14:18 UTC] PHP   1. {main}() /var/www/html/glong/index.php:0
[15-Feb-2022 16:14:18 UTC] PHP   2. mysqli_connect() /var/www/html/glong/index.php:3
[15-Feb-2022 16:14:18 UTC] PHP Warning:  mysqli_connect(): (HY000/2002): Connection refused in /var/www/html/glong/index.php on line 3
[15-Feb-2022 16:14:18 UTC] PHP Stack trace:
[15-Feb-2022 16:14:18 UTC] PHP   1. {main}() /var/www/html/glong/index.php:0
[15-Feb-2022 16:14:18 UTC] PHP   2. mysqli_connect() /var/www/html/glong/index.php:3
[15-Feb-2022 16:14:18 UTC] PHP Warning:  mysqli_connect(): (HY000/2002): Connection refused in /var/www/html/glong/index.php on line 3
[15-Feb-2022 16:14:18 UTC] PHP Stack trace:
[15-Feb-2022 16:14:18 UTC] PHP   1. {main}() /var/www/html/glong/index.php:0
[15-Feb-2022 16:14:18 UTC] PHP   2. mysqli_connect() /var/www/html/glong/index.php:3
[15-Feb-2022 16:14:19 UTC] PHP Warning:  mysqli_connect(): (HY000/2002): Connection refused in /var/www/html/glong/index.php on line 3
[15-Feb-2022 16:14:19 UTC] PHP Stack trace:
[15-Feb-2022 16:14:19 UTC] PHP   1. {main}() /var/www/html/glong/index.php:0
[15-Feb-2022 16:14:19 UTC] PHP   2. mysqli_connect() /var/www/html/glong/index.php:3
[15-Feb-2022 16:14:19 UTC] PHP Warning:  mysqli_connect(): (HY000/2002): Connection refused in /var/www/html/glong/index.php on line 3
[15-Feb-2022 16:14:19 UTC] PHP Stack trace:
[15-Feb-2022 16:14:19 UTC] PHP   1. {main}() /var/www/html/glong/index.php:0
[15-Feb-2022 16:14:19 UTC] PHP   2. mysqli_connect() /var/www/html/glong/index.php:3
[15-Feb-2022 16:14:53 UTC] PHP Warning:  Use of undefined constant mysql - assumed 'mysql' (this will throw an Error in a future version of PHP) in /var/www/html/glong/index.php on line 3
[15-Feb-2022 16:14:53 UTC] PHP Stack trace:
[15-Feb-2022 16:14:53 UTC] PHP   1. {main}() /var/www/html/glong/index.php:0
[15-Feb-2022 16:14:53 UTC] PHP Warning:  mysqli_connect(): The server requested authentication method unknown to the client [caching_sha2_password] in /var/www/html/glong/index.php on line 3
[15-Feb-2022 16:14:53 UTC] PHP Stack trace:
[15-Feb-2022 16:14:53 UTC] PHP   1. {main}() /var/www/html/glong/index.php:0
[15-Feb-2022 16:14:53 UTC] PHP   2. mysqli_connect() /var/www/html/glong/index.php:3
[15-Feb-2022 16:14:53 UTC] PHP Warning:  mysqli_connect(): (HY000/2054): The server requested authentication method unknown to the client in /var/www/html/glong/index.php on line 3
[15-Feb-2022 16:14:53 UTC] PHP Stack trace:
[15-Feb-2022 16:14:53 UTC] PHP   1. {main}() /var/www/html/glong/index.php:0
[15-Feb-2022 16:14:53 UTC] PHP   2. mysqli_connect() /var/www/html/glong/index.php:3
[15-Feb-2022 16:18:23 UTC] PHP Parse error:  syntax error, unexpected '.0' (T_DNUMBER), expecting ',' or ')' in /var/www/html/glong/index.php on line 3
[15-Feb-2022 16:18:44 UTC] PHP Warning:  mysqli_connect(): (HY000/2002): Connection refused in /var/www/html/glong/index.php on line 3
[15-Feb-2022 16:18:44 UTC] PHP Stack trace:
[15-Feb-2022 16:18:44 UTC] PHP   1. {main}() /var/www/html/glong/index.php:0
[15-Feb-2022 16:18:44 UTC] PHP   2. mysqli_connect() /var/www/html/glong/index.php:3
[15-Feb-2022 16:18:45 UTC] PHP Warning:  mysqli_connect(): (HY000/2002): Connection refused in /var/www/html/glong/index.php on line 3
[15-Feb-2022 16:18:45 UTC] PHP Stack trace:
[15-Feb-2022 16:18:45 UTC] PHP   1. {main}() /var/www/html/glong/index.php:0
[15-Feb-2022 16:18:45 UTC] PHP   2. mysqli_connect() /var/www/html/glong/index.php:3
[15-Feb-2022 16:20:02 UTC] PHP Warning:  mysqli_connect(): The server requested authentication method unknown to the client [caching_sha2_password] in /var/www/html/glong/index.php on line 3
[15-Feb-2022 16:20:02 UTC] PHP Stack trace:
[15-Feb-2022 16:20:02 UTC] PHP   1. {main}() /var/www/html/glong/index.php:0
[15-Feb-2022 16:20:02 UTC] PHP   2. mysqli_connect() /var/www/html/glong/index.php:3
[15-Feb-2022 16:20:02 UTC] PHP Warning:  mysqli_connect(): (HY000/2054): The server requested authentication method unknown to the client in /var/www/html/glong/index.php on line 3
[15-Feb-2022 16:20:02 UTC] PHP Stack trace:
[15-Feb-2022 16:20:02 UTC] PHP   1. {main}() /var/www/html/glong/index.php:0
[15-Feb-2022 16:20:02 UTC] PHP   2. mysqli_connect() /var/www/html/glong/index.php:3
[15-Feb-2022 16:20:03 UTC] PHP Warning:  mysqli_connect(): The server requested authentication method unknown to the client [caching_sha2_password] in /var/www/html/glong/index.php on line 3
[15-Feb-2022 16:20:03 UTC] PHP Stack trace:
[15-Feb-2022 16:20:03 UTC] PHP   1. {main}() /var/www/html/glong/index.php:0
[15-Feb-2022 16:20:03 UTC] PHP   2. mysqli_connect() /var/www/html/glong/index.php:3
[15-Feb-2022 16:20:03 UTC] PHP Warning:  mysqli_connect(): (HY000/2054): The server requested authentication method unknown to the client in /var/www/html/glong/index.php on line 3
[15-Feb-2022 16:20:03 UTC] PHP Stack trace:
[15-Feb-2022 16:20:03 UTC] PHP   1. {main}() /var/www/html/glong/index.php:0
[15-Feb-2022 16:20:03 UTC] PHP   2. mysqli_connect() /var/www/html/glong/index.php:3
[15-Feb-2022 16:20:04 UTC] PHP Warning:  mysqli_connect(): The server requested authentication method unknown to the client [caching_sha2_password] in /var/www/html/glong/index.php on line 3
[15-Feb-2022 16:20:04 UTC] PHP Stack trace:
[15-Feb-2022 16:20:04 UTC] PHP   1. {main}() /var/www/html/glong/index.php:0
[15-Feb-2022 16:20:04 UTC] PHP   2. mysqli_connect() /var/www/html/glong/index.php:3
[15-Feb-2022 16:20:04 UTC] PHP Warning:  mysqli_connect(): (HY000/2054): The server requested authentication method unknown to the client in /var/www/html/glong/index.php on line 3
[15-Feb-2022 16:20:04 UTC] PHP Stack trace:
[15-Feb-2022 16:20:04 UTC] PHP   1. {main}() /var/www/html/glong/index.php:0
[15-Feb-2022 16:20:04 UTC] PHP   2. mysqli_connect() /var/www/html/glong/index.php:3
[15-Feb-2022 16:23:09 UTC] PHP Warning:  mysqli_connect(): (HY000/2002): Connection refused in /var/www/html/glong/index.php on line 3
[15-Feb-2022 16:23:09 UTC] PHP Stack trace:
[15-Feb-2022 16:23:09 UTC] PHP   1. {main}() /var/www/html/glong/index.php:0
[15-Feb-2022 16:23:09 UTC] PHP   2. mysqli_connect() /var/www/html/glong/index.php:3
[15-Feb-2022 16:23:10 UTC] PHP Warning:  mysqli_connect(): (HY000/2002): Connection refused in /var/www/html/glong/index.php on line 3
[15-Feb-2022 16:23:10 UTC] PHP Stack trace:
[15-Feb-2022 16:23:10 UTC] PHP   1. {main}() /var/www/html/glong/index.php:0
[15-Feb-2022 16:23:10 UTC] PHP   2. mysqli_connect() /var/www/html/glong/index.php:3
[15-Feb-2022 16:25:47 UTC] PHP Warning:  mysqli_connect(): The server requested authentication method unknown to the client [caching_sha2_password] in /var/www/html/glong/index.php on line 3
[15-Feb-2022 16:25:47 UTC] PHP Stack trace:
[15-Feb-2022 16:25:47 UTC] PHP   1. {main}() /var/www/html/glong/index.php:0
[15-Feb-2022 16:25:47 UTC] PHP   2. mysqli_connect() /var/www/html/glong/index.php:3
[15-Feb-2022 16:25:47 UTC] PHP Warning:  mysqli_connect(): (HY000/2054): The server requested authentication method unknown to the client in /var/www/html/glong/index.php on line 3
[15-Feb-2022 16:25:47 UTC] PHP Stack trace:
[15-Feb-2022 16:25:47 UTC] PHP   1. {main}() /var/www/html/glong/index.php:0
[15-Feb-2022 16:25:47 UTC] PHP   2. mysqli_connect() /var/www/html/glong/index.php:3
[15-Feb-2022 16:26:20 UTC] PHP Warning:  Use of undefined constant mysql - assumed 'mysql' (this will throw an Error in a future version of PHP) in /var/www/html/glong/index.php on line 3
[15-Feb-2022 16:26:20 UTC] PHP Stack trace:
[15-Feb-2022 16:26:20 UTC] PHP   1. {main}() /var/www/html/glong/index.php:0
[15-Feb-2022 16:26:20 UTC] PHP Warning:  mysqli_connect(): The server requested authentication method unknown to the client [caching_sha2_password] in /var/www/html/glong/index.php on line 3
[15-Feb-2022 16:26:20 UTC] PHP Stack trace:
[15-Feb-2022 16:26:20 UTC] PHP   1. {main}() /var/www/html/glong/index.php:0
[15-Feb-2022 16:26:20 UTC] PHP   2. mysqli_connect() /var/www/html/glong/index.php:3
[15-Feb-2022 16:26:20 UTC] PHP Warning:  mysqli_connect(): (HY000/2054): The server requested authentication method unknown to the client in /var/www/html/glong/index.php on line 3
[15-Feb-2022 16:26:20 UTC] PHP Stack trace:
[15-Feb-2022 16:26:20 UTC] PHP   1. {main}() /var/www/html/glong/index.php:0
[15-Feb-2022 16:26:20 UTC] PHP   2. mysqli_connect() /var/www/html/glong/index.php:3
[15-Feb-2022 16:26:21 UTC] PHP Warning:  Use of undefined constant mysql - assumed 'mysql' (this will throw an Error in a future version of PHP) in /var/www/html/glong/index.php on line 3
[15-Feb-2022 16:26:21 UTC] PHP Stack trace:
[15-Feb-2022 16:26:21 UTC] PHP   1. {main}() /var/www/html/glong/index.php:0
[15-Feb-2022 16:26:21 UTC] PHP Warning:  mysqli_connect(): The server requested authentication method unknown to the client [caching_sha2_password] in /var/www/html/glong/index.php on line 3
[15-Feb-2022 16:26:21 UTC] PHP Stack trace:
[15-Feb-2022 16:26:21 UTC] PHP   1. {main}() /var/www/html/glong/index.php:0
[15-Feb-2022 16:26:21 UTC] PHP   2. mysqli_connect() /var/www/html/glong/index.php:3
[15-Feb-2022 16:26:21 UTC] PHP Warning:  mysqli_connect(): (HY000/2054): The server requested authentication method unknown to the client in /var/www/html/glong/index.php on line 3
[15-Feb-2022 16:26:21 UTC] PHP Stack trace:
[15-Feb-2022 16:26:21 UTC] PHP   1. {main}() /var/www/html/glong/index.php:0
[15-Feb-2022 16:26:21 UTC] PHP   2. mysqli_connect() /var/www/html/glong/index.php:3
[15-Feb-2022 16:26:22 UTC] PHP Warning:  Use of undefined constant mysql - assumed 'mysql' (this will throw an Error in a future version of PHP) in /var/www/html/glong/index.php on line 3
[15-Feb-2022 16:26:22 UTC] PHP Stack trace:
[15-Feb-2022 16:26:22 UTC] PHP   1. {main}() /var/www/html/glong/index.php:0
[15-Feb-2022 16:26:22 UTC] PHP Warning:  mysqli_connect(): The server requested authentication method unknown to the client [caching_sha2_password] in /var/www/html/glong/index.php on line 3
[15-Feb-2022 16:26:22 UTC] PHP Stack trace:
[15-Feb-2022 16:26:22 UTC] PHP   1. {main}() /var/www/html/glong/index.php:0
[15-Feb-2022 16:26:22 UTC] PHP   2. mysqli_connect() /var/www/html/glong/index.php:3
[15-Feb-2022 16:26:22 UTC] PHP Warning:  mysqli_connect(): (HY000/2054): The server requested authentication method unknown to the client in /var/www/html/glong/index.php on line 3
[15-Feb-2022 16:26:22 UTC] PHP Stack trace:
[15-Feb-2022 16:26:22 UTC] PHP   1. {main}() /var/www/html/glong/index.php:0
[15-Feb-2022 16:26:22 UTC] PHP   2. mysqli_connect() /var/www/html/glong/index.php:3
[15-Feb-2022 16:26:55 UTC] PHP Warning:  mysqli_connect(): The server requested authentication method unknown to the client [caching_sha2_password] in /var/www/html/glong/index.php on line 3
[15-Feb-2022 16:26:55 UTC] PHP Stack trace:
[15-Feb-2022 16:26:55 UTC] PHP   1. {main}() /var/www/html/glong/index.php:0
[15-Feb-2022 16:26:55 UTC] PHP   2. mysqli_connect() /var/www/html/glong/index.php:3
[15-Feb-2022 16:26:55 UTC] PHP Warning:  mysqli_connect(): (HY000/2054): The server requested authentication method unknown to the client in /var/www/html/glong/index.php on line 3
[15-Feb-2022 16:26:55 UTC] PHP Stack trace:
[15-Feb-2022 16:26:55 UTC] PHP   1. {main}() /var/www/html/glong/index.php:0
[15-Feb-2022 16:26:55 UTC] PHP   2. mysqli_connect() /var/www/html/glong/index.php:3
[15-Feb-2022 16:26:56 UTC] PHP Warning:  mysqli_connect(): The server requested authentication method unknown to the client [caching_sha2_password] in /var/www/html/glong/index.php on line 3
[15-Feb-2022 16:26:56 UTC] PHP Stack trace:
[15-Feb-2022 16:26:56 UTC] PHP   1. {main}() /var/www/html/glong/index.php:0
[15-Feb-2022 16:26:56 UTC] PHP   2. mysqli_connect() /var/www/html/glong/index.php:3
[15-Feb-2022 16:26:56 UTC] PHP Warning:  mysqli_connect(): (HY000/2054): The server requested authentication method unknown to the client in /var/www/html/glong/index.php on line 3
[15-Feb-2022 16:26:56 UTC] PHP Stack trace:
[15-Feb-2022 16:26:56 UTC] PHP   1. {main}() /var/www/html/glong/index.php:0
[15-Feb-2022 16:26:56 UTC] PHP   2. mysqli_connect() /var/www/html/glong/index.php:3
